The system is: Linux - 3.10.0-693.17.1.el7.x86_64 - x86_64
Compiling the C compiler identification source file "CMakeCCompilerId.c" succeeded.
Compiler: /usr/bin/cc 
Build flags: 
Id flags:  

The output was:
0


Compilation of the C compiler identification source "CMakeCCompilerId.c" produced "a.out"

The C compiler identification is GNU, found in "/home/student/Documents/SrokaGrzegorz/cw7/zad1/bin/CMakeFiles/3.11.0/CompilerIdC/a.out"

Determining if the C compiler works passed with the following output:
Change Dir: /home/student/Documents/SrokaGrzegorz/cw7/zad1/bin/CMakeFiles/CMakeTmp

Run Build Command:"/usr/bin/gmake" "cmTC_2fe97/fast"
/usr/bin/gmake -f CMakeFiles/cmTC_2fe97.dir/build.make CMakeFiles/cmTC_2fe97.dir/build
gmake[1]: Entering directory `/home/student/Documents/SrokaGrzegorz/cw7/zad1/bin/CMakeFiles/CMakeTmp'
Building C object CMakeFiles/cmTC_2fe97.dir/testCCompiler.c.o
/usr/bin/cc    -o CMakeFiles/cmTC_2fe97.dir/testCCompiler.c.o   -c /home/student/Documents/SrokaGrzegorz/cw7/zad1/bin/CMakeFiles/CMakeTmp/testCCompiler.c
Linking C executable cmTC_2fe97
/usr/bin/cmake3 -E cmake_link_script CMakeFiles/cmTC_2fe97.dir/link.txt --verbose=1
/usr/bin/cc      -rdynamic CMakeFiles/cmTC_2fe97.dir/testCCompiler.c.o  -o cmTC_2fe97 
gmake[1]: Leaving directory `/home/student/Documents/SrokaGrzegorz/cw7/zad1/bin/CMakeFiles/CMakeTmp'


Detecting C compiler ABI info compiled with the following output:
Change Dir: /home/student/Documents/SrokaGrzegorz/cw7/zad1/bin/CMakeFiles/CMakeTmp

Run Build Command:"/usr/bin/gmake" "cmTC_5c624/fast"
/usr/bin/gmake -f CMakeFiles/cmTC_5c624.dir/build.make CMakeFiles/cmTC_5c624.dir/build
gmake[1]: Entering directory `/home/student/Documents/SrokaGrzegorz/cw7/zad1/bin/CMakeFiles/CMakeTmp'
Building C object CMakeFiles/cmTC_5c624.dir/CMakeCCompilerABI.c.o
/usr/bin/cc    -o CMakeFiles/cmTC_5c624.dir/CMakeCCompilerABI.c.o   -c /usr/share/cmake3/Modules/CMakeCCompilerABI.c
Linking C executable cmTC_5c624
/usr/bin/cmake3 -E cmake_link_script CMakeFiles/cmTC_5c624.dir/link.txt --verbose=1
/usr/bin/cc     -v -rdynamic CMakeFiles/cmTC_5c624.dir/CMakeCCompilerABI.c.o  -o cmTC_5c624 
Using built-in specs.
COLLECT_GCC=/usr/bin/cc
COLLECT_LTO_WRAPPER=/usr/libexec/gcc/x86_64-redhat-linux/4.8.5/lto-wrapper
Target: x86_64-redhat-linux
Configured with: ../configure --prefix=/usr --mandir=/usr/share/man --infodir=/usr/share/info --with-bugurl=http://bugzilla.redhat.com/bugzilla --enable-bootstrap --enable-shared --enable-threads=posix --enable-checking=release --with-system-zlib --enable-__cxa_atexit --disable-libunwind-exceptions --enable-gnu-unique-object --enable-linker-build-id --with-linker-hash-style=gnu --enable-languages=c,c++,objc,obj-c++,java,fortran,ada,go,lto --enable-plugin --enable-initfini-array --disable-libgcj --with-isl=/builddir/build/BUILD/gcc-4.8.5-20150702/obj-x86_64-redhat-linux/isl-install --with-cloog=/builddir/build/BUILD/gcc-4.8.5-20150702/obj-x86_64-redhat-linux/cloog-install --enable-gnu-indirect-function --with-tune=generic --with-arch_32=x86-64 --build=x86_64-redhat-linux
Thread model: posix
gcc version 4.8.5 20150623 (Red Hat 4.8.5-28) (GCC) 
COMPILER_PATH=/usr/libexec/gcc/x86_64-redhat-linux/4.8.5/:/usr/libexec/gcc/x86_64-redhat-linux/4.8.5/:/usr/libexec/gcc/x86_64-redhat-linux/:/usr/lib/gcc/x86_64-redhat-linux/4.8.5/:/usr/lib/gcc/x86_64-redhat-linux/
LIBRARY_PATH=/usr/lib/gcc/x86_64-redhat-linux/4.8.5/:/usr/lib/gcc/x86_64-redhat-linux/4.8.5/../../../../lib64/:/lib/../lib64/:/usr/lib/../lib64/:/usr/lib/gcc/x86_64-redhat-linux/4.8.5/../../../:/lib/:/usr/lib/
COLLECT_GCC_OPTIONS='-v' '-rdynamic' '-o' 'cmTC_5c624' '-mtune=generic' '-march=x86-64'
 /usr/libexec/gcc/x86_64-redhat-linux/4.8.5/collect2 --build-id --no-add-needed --eh-frame-hdr --hash-style=gnu -m elf_x86_64 -export-dynamic -dynamic-linker /lib64/ld-linux-x86-64.so.2 -o cmTC_5c624 /usr/lib/gcc/x86_64-redhat-linux/4.8.5/../../../../lib64/crt1.o /usr/lib/gcc/x86_64-redhat-linux/4.8.5/../../../../lib64/crti.o /usr/lib/gcc/x86_64-redhat-linux/4.8.5/crtbegin.o -L/usr/lib/gcc/x86_64-redhat-linux/4.8.5 -L/usr/lib/gcc/x86_64-redhat-linux/4.8.5/../../../../lib64 -L/lib/../lib64 -L/usr/lib/../lib64 -L/usr/lib/gcc/x86_64-redhat-linux/4.8.5/../../.. CMakeFiles/cmTC_5c624.dir/CMakeCCompilerABI.c.o -lgcc --as-needed -lgcc_s --no-as-needed -lc -lgcc --as-needed -lgcc_s --no-as-needed /usr/lib/gcc/x86_64-redhat-linux/4.8.5/crtend.o /usr/lib/gcc/x86_64-redhat-linux/4.8.5/../../../../lib64/crtn.o
gmake[1]: Leaving directory `/home/student/Documents/SrokaGrzegorz/cw7/zad1/bin/CMakeFiles/CMakeTmp'


Parsed C implicit link information from above output:
  link line regex: [^( *|.*[/\])(ld|CMAKE_LINK_STARTFILE-NOTFOUND|([^/\]+-)?ld|collect2)[^/\]*( |$)]
  ignore line: [Change Dir: /home/student/Documents/SrokaGrzegorz/cw7/zad1/bin/CMakeFiles/CMakeTmp]
  ignore line: []
  ignore line: [Run Build Command:"/usr/bin/gmake" "cmTC_5c624/fast"]
  ignore line: [/usr/bin/gmake -f CMakeFiles/cmTC_5c624.dir/build.make CMakeFiles/cmTC_5c624.dir/build]
  ignore line: [gmake[1]: Entering directory `/home/student/Documents/SrokaGrzegorz/cw7/zad1/bin/CMakeFiles/CMakeTmp']
  ignore line: [Building C object CMakeFiles/cmTC_5c624.dir/CMakeCCompilerABI.c.o]
  ignore line: [/usr/bin/cc    -o CMakeFiles/cmTC_5c624.dir/CMakeCCompilerABI.c.o   -c /usr/share/cmake3/Modules/CMakeCCompilerABI.c]
  ignore line: [Linking C executable cmTC_5c624]
  ignore line: [/usr/bin/cmake3 -E cmake_link_script CMakeFiles/cmTC_5c624.dir/link.txt --verbose=1]
  ignore line: [/usr/bin/cc     -v -rdynamic CMakeFiles/cmTC_5c624.dir/CMakeCCompilerABI.c.o  -o cmTC_5c624 ]
  ignore line: [Using built-in specs.]
  ignore line: [COLLECT_GCC=/usr/bin/cc]
  ignore line: [COLLECT_LTO_WRAPPER=/usr/libexec/gcc/x86_64-redhat-linux/4.8.5/lto-wrapper]
  ignore line: [Target: x86_64-redhat-linux]
  ignore line: [Configured with: ../configure --prefix=/usr --mandir=/usr/share/man --infodir=/usr/share/info --with-bugurl=http://bugzilla.redhat.com/bugzilla --enable-bootstrap --enable-shared --enable-threads=posix --enable-checking=release --with-system-zlib --enable-__cxa_atexit --disable-libunwind-exceptions --enable-gnu-unique-object --enable-linker-build-id --with-linker-hash-style=gnu --enable-languages=c,c++,objc,obj-c++,java,fortran,ada,go,lto --enable-plugin --enable-initfini-array --disable-libgcj --with-isl=/builddir/build/BUILD/gcc-4.8.5-20150702/obj-x86_64-redhat-linux/isl-install --with-cloog=/builddir/build/BUILD/gcc-4.8.5-20150702/obj-x86_64-redhat-linux/cloog-install --enable-gnu-indirect-function --with-tune=generic --with-arch_32=x86-64 --build=x86_64-redhat-linux]
  ignore line: [Thread model: posix]
  ignore line: [gcc version 4.8.5 20150623 (Red Hat 4.8.5-28) (GCC) ]
  ignore line: [COMPILER_PATH=/usr/libexec/gcc/x86_64-redhat-linux/4.8.5/:/usr/libexec/gcc/x86_64-redhat-linux/4.8.5/:/usr/libexec/gcc/x86_64-redhat-linux/:/usr/lib/gcc/x86_64-redhat-linux/4.8.5/:/usr/lib/gcc/x86_64-redhat-linux/]
  ignore line: [LIBRARY_PATH=/usr/lib/gcc/x86_64-redhat-linux/4.8.5/:/usr/lib/gcc/x86_64-redhat-linux/4.8.5/../../../../lib64/:/lib/../lib64/:/usr/lib/../lib64/:/usr/lib/gcc/x86_64-redhat-linux/4.8.5/../../../:/lib/:/usr/lib/]
  ignore line: [COLLECT_GCC_OPTIONS='-v' '-rdynamic' '-o' 'cmTC_5c624' '-mtune=generic' '-march=x86-64']
  link line: [ /usr/libexec/gcc/x86_64-redhat-linux/4.8.5/collect2 --build-id --no-add-needed --eh-frame-hdr --hash-style=gnu -m elf_x86_64 -export-dynamic -dynamic-linker /lib64/ld-linux-x86-64.so.2 -o cmTC_5c624 /usr/lib/gcc/x86_64-redhat-linux/4.8.5/../../../../lib64/crt1.o /usr/lib/gcc/x86_64-redhat-linux/4.8.5/../../../../lib64/crti.o /usr/lib/gcc/x86_64-redhat-linux/4.8.5/crtbegin.o -L/usr/lib/gcc/x86_64-redhat-linux/4.8.5 -L/usr/lib/gcc/x86_64-redhat-linux/4.8.5/../../../../lib64 -L/lib/../lib64 -L/usr/lib/../lib64 -L/usr/lib/gcc/x86_64-redhat-linux/4.8.5/../../.. CMakeFiles/cmTC_5c624.dir/CMakeCCompilerABI.c.o -lgcc --as-needed -lgcc_s --no-as-needed -lc -lgcc --as-needed -lgcc_s --no-as-needed /usr/lib/gcc/x86_64-redhat-linux/4.8.5/crtend.o /usr/lib/gcc/x86_64-redhat-linux/4.8.5/../../../../lib64/crtn.o]
    arg [/usr/libexec/gcc/x86_64-redhat-linux/4.8.5/collect2] ==> ignore
    arg [--build-id] ==> ignore
    arg [--no-add-needed] ==> ignore
    arg [--eh-frame-hdr] ==> ignore
    arg [--hash-style=gnu] ==> ignore
    arg [-m] ==> ignore
    arg [elf_x86_64] ==> ignore
    arg [-export-dynamic] ==> ignore
    arg [-dynamic-linker] ==> ignore
    arg [/lib64/ld-linux-x86-64.so.2] ==> ignore
    arg [-o] ==> ignore
    arg [cmTC_5c624] ==> ignore
    arg [/usr/lib/gcc/x86_64-redhat-linux/4.8.5/../../../../lib64/crt1.o] ==> ignore
    arg [/usr/lib/gcc/x86_64-redhat-linux/4.8.5/../../../../lib64/crti.o] ==> ignore
    arg [/usr/lib/gcc/x86_64-redhat-linux/4.8.5/crtbegin.o] ==> ignore
    arg [-L/usr/lib/gcc/x86_64-redhat-linux/4.8.5] ==> dir [/usr/lib/gcc/x86_64-redhat-linux/4.8.5]
    arg [-L/usr/lib/gcc/x86_64-redhat-linux/4.8.5/../../../../lib64] ==> dir [/usr/lib/gcc/x86_64-redhat-linux/4.8.5/../../../../lib64]
    arg [-L/lib/../lib64] ==> dir [/lib/../lib64]
    arg [-L/usr/lib/../lib64] ==> dir [/usr/lib/../lib64]
    arg [-L/usr/lib/gcc/x86_64-redhat-linux/4.8.5/../../..] ==> dir [/usr/lib/gcc/x86_64-redhat-linux/4.8.5/../../..]
    arg [CMakeFiles/cmTC_5c624.dir/CMakeCCompilerABI.c.o] ==> ignore
    arg [-lgcc] ==> lib [gcc]
    arg [--as-needed] ==> ignore
    arg [-lgcc_s] ==> lib [gcc_s]
    arg [--no-as-needed] ==> ignore
    arg [-lc] ==> lib [c]
    arg [-lgcc] ==> lib [gcc]
    arg [--as-needed] ==> ignore
    arg [-lgcc_s] ==> lib [gcc_s]
    arg [--no-as-needed] ==> ignore
    arg [/usr/lib/gcc/x86_64-redhat-linux/4.8.5/crtend.o] ==> ignore
    arg [/usr/lib/gcc/x86_64-redhat-linux/4.8.5/../../../../lib64/crtn.o] ==> ignore
  collapse library dir [/usr/lib/gcc/x86_64-redhat-linux/4.8.5] ==> [/usr/lib/gcc/x86_64-redhat-linux/4.8.5]
  collapse library dir [/usr/lib/gcc/x86_64-redhat-linux/4.8.5/../../../../lib64] ==> [/usr/lib64]
  collapse library dir [/lib/../lib64] ==> [/lib64]
  collapse library dir [/usr/lib/../lib64] ==> [/usr/lib64]
  collapse library dir [/usr/lib/gcc/x86_64-redhat-linux/4.8.5/../../..] ==> [/usr/lib]
  implicit libs: [gcc;gcc_s;c;gcc;gcc_s]
  implicit dirs: [/usr/lib/gcc/x86_64-redhat-linux/4.8.5;/usr/lib64;/lib64;/usr/lib]
  implicit fwks: []




Detecting C [-std=c11] compiler features compiled with the following output:
Change Dir: /home/student/Documents/SrokaGrzegorz/cw7/zad1/bin/CMakeFiles/CMakeTmp

Run Build Command:"/usr/bin/gmake" "cmTC_5e654/fast"
/usr/bin/gmake -f CMakeFiles/cmTC_5e654.dir/build.make CMakeFiles/cmTC_5e654.dir/build
gmake[1]: Entering directory `/home/student/Documents/SrokaGrzegorz/cw7/zad1/bin/CMakeFiles/CMakeTmp'
Building C object CMakeFiles/cmTC_5e654.dir/feature_tests.c.o
/usr/bin/cc   -std=c11 -o CMakeFiles/cmTC_5e654.dir/feature_tests.c.o   -c /home/student/Documents/SrokaGrzegorz/cw7/zad1/bin/CMakeFiles/feature_tests.c
Linking C executable cmTC_5e654
/usr/bin/cmake3 -E cmake_link_script CMakeFiles/cmTC_5e654.dir/link.txt --verbose=1
/usr/bin/cc      -rdynamic CMakeFiles/cmTC_5e654.dir/feature_tests.c.o  -o cmTC_5e654 
gmake[1]: Leaving directory `/home/student/Documents/SrokaGrzegorz/cw7/zad1/bin/CMakeFiles/CMakeTmp'


    Feature record: C_FEATURE:1c_function_prototypes
    Feature record: C_FEATURE:1c_restrict
    Feature record: C_FEATURE:1c_static_assert
    Feature record: C_FEATURE:1c_variadic_macros


Detecting C [-std=c99] compiler features compiled with the following output:
Change Dir: /home/student/Documents/SrokaGrzegorz/cw7/zad1/bin/CMakeFiles/CMakeTmp

Run Build Command:"/usr/bin/gmake" "cmTC_7cdc0/fast"
/usr/bin/gmake -f CMakeFiles/cmTC_7cdc0.dir/build.make CMakeFiles/cmTC_7cdc0.dir/build
gmake[1]: Entering directory `/home/student/Documents/SrokaGrzegorz/cw7/zad1/bin/CMakeFiles/CMakeTmp'
Building C object CMakeFiles/cmTC_7cdc0.dir/feature_tests.c.o
/usr/bin/cc   -std=c99 -o CMakeFiles/cmTC_7cdc0.dir/feature_tests.c.o   -c /home/student/Documents/SrokaGrzegorz/cw7/zad1/bin/CMakeFiles/feature_tests.c
Linking C executable cmTC_7cdc0
/usr/bin/cmake3 -E cmake_link_script CMakeFiles/cmTC_7cdc0.dir/link.txt --verbose=1
/usr/bin/cc      -rdynamic CMakeFiles/cmTC_7cdc0.dir/feature_tests.c.o  -o cmTC_7cdc0 
gmake[1]: Leaving directory `/home/student/Documents/SrokaGrzegorz/cw7/zad1/bin/CMakeFiles/CMakeTmp'


    Feature record: C_FEATURE:1c_function_prototypes
    Feature record: C_FEATURE:1c_restrict
    Feature record: C_FEATURE:0c_static_assert
    Feature record: C_FEATURE:1c_variadic_macros


Detecting C [-std=c90] compiler features compiled with the following output:
Change Dir: /home/student/Documents/SrokaGrzegorz/cw7/zad1/bin/CMakeFiles/CMakeTmp

Run Build Command:"/usr/bin/gmake" "cmTC_54a53/fast"
/usr/bin/gmake -f CMakeFiles/cmTC_54a53.dir/build.make CMakeFiles/cmTC_54a53.dir/build
gmake[1]: Entering directory `/home/student/Documents/SrokaGrzegorz/cw7/zad1/bin/CMakeFiles/CMakeTmp'
Building C object CMakeFiles/cmTC_54a53.dir/feature_tests.c.o
/usr/bin/cc   -std=c90 -o CMakeFiles/cmTC_54a53.dir/feature_tests.c.o   -c /home/student/Documents/SrokaGrzegorz/cw7/zad1/bin/CMakeFiles/feature_tests.c
Linking C executable cmTC_54a53
/usr/bin/cmake3 -E cmake_link_script CMakeFiles/cmTC_54a53.dir/link.txt --verbose=1
/usr/bin/cc      -rdynamic CMakeFiles/cmTC_54a53.dir/feature_tests.c.o  -o cmTC_54a53 
gmake[1]: Leaving directory `/home/student/Documents/SrokaGrzegorz/cw7/zad1/bin/CMakeFiles/CMakeTmp'


    Feature record: C_FEATURE:1c_function_prototypes
    Feature record: C_FEATURE:0c_restrict
    Feature record: C_FEATURE:0c_static_assert
    Feature record: C_FEATURE:0c_variadic_macros
